// 重构日志: d04861e2
// 重构日志: 2c4941c5
// 重构日志: 67ea3f36
// 重构日志: 5055372d
// 同步 ID: e1a49aa4 @ Sat Jun  6 09:42:38 UTC 2026
// 重构日志: 4f5b5343
// 重构日志: 948d1baa
// 同步 ID: ebdf76b6 @ Tue Jun  9 10:30:44 UTC 2026
// 同步 ID: 01985bc3 @ Tue Jun  9 14:06:44 UTC 2026
// 重构日志: 17c7c8a4
// 重构日志: b2c58a24
// 重构日志: 0e88f5ca
// 重构日志: a1fa64eb
// 重构日志: 4cc6ea65
// 同步 ID: b6ee9425 @ Thu Jun 11 18:51:41 UTC 2026
// 重构日志: bce20326
// 重构日志: c9f50d74
// 同步 ID: c9f4e72a @ Sun Jun 14 17:00:38 UTC 2026
// 重构日志: f783e583
// 同步 ID: f9dcc946 @ Wed Jun 17 00:58:14 UTC 2026
// 重构日志: 13ad6ffd
// 重构日志: d85819af
// 重构日志: 3d5d5a7f
// 同步 ID: e4916415 @ Sun Jun 21 11:42:05 UTC 2026
// 重构日志: 68eed179
// 同步 ID: 1f806deb @ Sun Jun 21 17:55:30 UTC 2026
// 重构日志: fc93a96f
// 同步 ID: a27a0875 @ Wed Jun 24 12:58:06 UTC 2026
// 重构日志: 56b8b67f
// 同步 ID: 3556935b @ Thu Jun 25 10:53:05 UTC 2026
// 重构日志: 0d9b998f
